<?xml version="1.0" encoding="UTF-8"?>
<testng-results retried="3" ignored="0" total="9" passed="5" failed="1" skipped="0">
  <reporter-output>
    <line>
      <![CDATA[Navigated to mobile cataegory succesfully]]>
    </line>
    <line>
      <![CDATA[Selected brand]]>
    </line>
    <line>
      <![CDATA[Min 20k]]>
    </line>
    <line>
      <![CDATA[Min 60k]]>
    </line>
    <line>
      <![CDATA[Click Go]]>
    </line>
    <line>
      <![CDATA[Sorted]]>
    </line>
    <line>
      <![CDATA[Navigated to mobile cataegory succesfully]]>
    </line>
    <line>
      <![CDATA[Selected brand]]>
    </line>
    <line>
      <![CDATA[Min 20k]]>
    </line>
    <line>
      <![CDATA[Min 60k]]>
    </line>
    <line>
      <![CDATA[Click Go]]>
    </line>
    <line>
      <![CDATA[Sorted]]>
    </line>
    <line>
      <![CDATA[Navigated to mobile cataegory succesfully]]>
    </line>
    <line>
      <![CDATA[Selected brand]]>
    </line>
    <line>
      <![CDATA[Min 20k]]>
    </line>
    <line>
      <![CDATA[Min 60k]]>
    </line>
    <line>
      <![CDATA[Click Go]]>
    </line>
    <line>
      <![CDATA[Sorted]]>
    </line>
    <line>
      <![CDATA[Navigated to mobile cataegory succesfully]]>
    </line>
    <line>
      <![CDATA[Selected brand]]>
    </line>
    <line>
      <![CDATA[Min 20k]]>
    </line>
    <line>
      <![CDATA[Min 60k]]>
    </line>
    <line>
      <![CDATA[Click Go]]>
    </line>
    <line>
      <![CDATA[Sorted]]>
    </line>
    <line>
      <![CDATA[Navigated to mobile cataegory succesfully]]>
    </line>
    <line>
      <![CDATA[Selected brand]]>
    </line>
    <line>
      <![CDATA[Min 20k]]>
    </line>
    <line>
      <![CDATA[Min 60k]]>
    </line>
    <line>
      <![CDATA[Click Go]]>
    </line>
    <line>
      <![CDATA[Sorted]]>
    </line>
    <line>
      <![CDATA[Sorted:Price High to low]]>
    </line>
    <line>
      <![CDATA[Navigated to mobile cataegory succesfully]]>
    </line>
    <line>
      <![CDATA[Selected brand]]>
    </line>
    <line>
      <![CDATA[Min 20k]]>
    </line>
    <line>
      <![CDATA[Min 60k]]>
    </line>
    <line>
      <![CDATA[Click Go]]>
    </line>
    <line>
      <![CDATA[Sorted]]>
    </line>
    <line>
      <![CDATA[Sorted:Price High to low]]>
    </line>
  </reporter-output>
  <suite started-at="2022-06-29T14:46:58 IST" name="Suite3" finished-at="2022-06-29T14:48:10 IST" duration-ms="71829">
    <groups>
    </groups>
    <test started-at="2022-06-29T14:46:58 IST" name="FF" finished-at="2022-06-29T14:47:25 IST" duration-ms="26925">
      <class name="AmazonModules.gridtest">
        <test-method signature="crossBrowser(java.lang.String)[pri:0, instance:AmazonModules.gridtest@581ac8a8]" started-at="2022-06-29T14:46:58 IST" name="crossBrowser" finished-at="2022-06-29T14:47:06 IST" duration-ms="8231" status="PASS">
          <params>
            <param index="0">
              <value>
                <![CDATA[FireFox]]>
              </value>
            </param>
          </params>
          <reporter-output>
          </reporter-output>
        </test-method> <!-- crossBrowser -->
        <test-method retried="true" signature="mobileSearch()[pri:0, instance:AmazonModules.gridtest@581ac8a8]" started-at="2022-06-29T14:47:06 IST" name="mobileSearch" finished-at="2022-06-29T14:47:12 IST" duration-ms="5765" status="SKIP">
          <exception class="org.openqa.selenium.NoSuchElementException">
            <message>
              <![CDATA[Unable to locate element: //a[contains(text(),'Price: High to Low')]
For documentation on this error, please visit: https://selenium.dev/exceptions/#no_such_element
Build info: version: '4.1.3', revision: '7b1ebf28ef'
System info: host: 'LT322', ip: '192.168.29.55', os.name: 'Windows 10', os.arch: 'amd64', os.version: '10.0', java.version: '18.0.1'
Driver info: org.openqa.selenium.remote.RemoteWebDriver
Command: [518153fe-3aef-4507-bb10-e093e052008b, findElement {using=xpath, value=//a[contains(text(),'Price: High to Low')]}]
Capabilities {acceptInsecureCerts: true, browserName: firefox, browserVersion: 101.0.1, javascriptEnabled: true, moz:accessibilityChecks: false, moz:buildID: 20220608170832, moz:debuggerAddress: localhost:53408, moz:firefoxOptions: {prefs: {network.proxy.type: 0}}, moz:geckodriverVersion: 0.31.0, moz:headless: false, moz:processID: 2852, moz:profile: C:\Users\NANDIN~1.WAG\AppDa..., moz:shutdownTimeout: 60000, moz:useNonSpecCompliantPointerOrigin: false, moz:webdriverClick: true, pageLoadStrategy: normal, platform: WINDOWS, platformName: WINDOWS, platformVersion: 10.0, proxy: Proxy(), se:cdp: ws://192.168.29.55:4444/ses..., se:cdpVersion: 85.0, se:name: My Grid Firefox test, setWindowRect: true, strictFileInteractability: false, timeouts: {implicit: 0, pageLoad: 300000, script: 30000}, unhandledPromptBehavior: dismiss and notify}
Session ID: 518153fe-3aef-4507-bb10-e093e052008b]]>
            </message>
            <full-stacktrace>
              <![CDATA[org.openqa.selenium.NoSuchElementException: Unable to locate element: //a[contains(text(),'Price: High to Low')]
For documentation on this error, please visit: https://selenium.dev/exceptions/#no_such_element
Build info: version: '4.1.3', revision: '7b1ebf28ef'
System info: host: 'LT322', ip: '192.168.29.55', os.name: 'Windows 10', os.arch: 'amd64', os.version: '10.0', java.version: '18.0.1'
Driver info: org.openqa.selenium.remote.RemoteWebDriver
Command: [518153fe-3aef-4507-bb10-e093e052008b, findElement {using=xpath, value=//a[contains(text(),'Price: High to Low')]}]
Capabilities {acceptInsecureCerts: true, browserName: firefox, browserVersion: 101.0.1, javascriptEnabled: true, moz:accessibilityChecks: false, moz:buildID: 20220608170832, moz:debuggerAddress: localhost:53408, moz:firefoxOptions: {prefs: {network.proxy.type: 0}}, moz:geckodriverVersion: 0.31.0, moz:headless: false, moz:processID: 2852, moz:profile: C:\Users\NANDIN~1.WAG\AppDa..., moz:shutdownTimeout: 60000, moz:useNonSpecCompliantPointerOrigin: false, moz:webdriverClick: true, pageLoadStrategy: normal, platform: WINDOWS, platformName: WINDOWS, platformVersion: 10.0, proxy: Proxy(), se:cdp: ws://192.168.29.55:4444/ses..., se:cdpVersion: 85.0, se:name: My Grid Firefox test, setWindowRect: true, strictFileInteractability: false, timeouts: {implicit: 0, pageLoad: 300000, script: 30000}, unhandledPromptBehavior: dismiss and notify}
Session ID: 518153fe-3aef-4507-bb10-e093e052008b
at java.base/jdk.internal.reflect.DirectConstructorHandleAccessor.newInstance(DirectConstructorHandleAccessor.java:67)
at java.base/java.lang.reflect.Constructor.newInstanceWithCaller(Constructor.java:499)
at java.base/java.lang.reflect.Constructor.newInstance(Constructor.java:483)
at org.openqa.selenium.remote.codec.w3c.W3CHttpResponseCodec.createException(W3CHttpResponseCodec.java:200)
at org.openqa.selenium.remote.codec.w3c.W3CHttpResponseCodec.decode(W3CHttpResponseCodec.java:133)
at org.openqa.selenium.remote.codec.w3c.W3CHttpResponseCodec.decode(W3CHttpResponseCodec.java:53)
at org.openqa.selenium.remote.HttpCommandExecutor.execute(HttpCommandExecutor.java:184)
at org.openqa.selenium.remote.TracedCommandExecutor.execute(TracedCommandExecutor.java:51)
at org.openqa.selenium.remote.RemoteWebDriver.execute(RemoteWebDriver.java:567)
at org.openqa.selenium.remote.ElementLocation$ElementFinder$2.findElement(ElementLocation.java:162)
at org.openqa.selenium.remote.ElementLocation.findElement(ElementLocation.java:60)
at org.openqa.selenium.remote.RemoteWebDriver.findElement(RemoteWebDriver.java:385)
at org.openqa.selenium.remote.RemoteWebDriver.findElement(RemoteWebDriver.java:377)
at AmazonModules.gridtest.mobileSearch(gridtest.java:125)
at java.base/jdk.internal.reflect.DirectMethodHandleAccessor.invoke(DirectMethodHandleAccessor.java:104)
at java.base/java.lang.reflect.Method.invoke(Method.java:577)
at org.testng.internal.MethodInvocationHelper.invokeMethod(MethodInvocationHelper.java:133)
at org.testng.internal.TestInvoker.invokeMethod(TestInvoker.java:598)
at org.testng.internal.TestInvoker.invokeTestMethod(TestInvoker.java:173)
at org.testng.internal.MethodRunner.runInSequence(MethodRunner.java:46)
at org.testng.internal.TestInvoker$MethodInvocationAgent.invoke(TestInvoker.java:824)
at org.testng.internal.TestInvoker.invokeTestMethods(TestInvoker.java:146)
at org.testng.internal.TestMethodWorker.invokeTestMethods(TestMethodWorker.java:146)
at org.testng.internal.TestMethodWorker.run(TestMethodWorker.java:128)
at java.base/java.util.ArrayList.forEach(ArrayList.java:1511)
at org.testng.TestRunner.privateRun(TestRunner.java:794)
at org.testng.TestRunner.run(TestRunner.java:596)
at org.testng.SuiteRunner.runTest(SuiteRunner.java:377)
at org.testng.SuiteRunner.runSequentially(SuiteRunner.java:371)
at org.testng.SuiteRunner.privateRun(SuiteRunner.java:332)
at org.testng.SuiteRunner.run(SuiteRunner.java:276)
at org.testng.SuiteRunnerWorker.runSuite(SuiteRunnerWorker.java:53)
at org.testng.SuiteRunnerWorker.run(SuiteRunnerWorker.java:96)
at org.testng.TestNG.runSuitesSequentially(TestNG.java:1212)
at org.testng.TestNG.runSuitesLocally(TestNG.java:1134)
at org.testng.TestNG.runSuites(TestNG.java:1063)
at org.testng.TestNG.run(TestNG.java:1031)
at org.testng.remote.AbstractRemoteTestNG.run(AbstractRemoteTestNG.java:115)
at org.testng.remote.RemoteTestNG.initAndRun(RemoteTestNG.java:251)
at org.testng.remote.RemoteTestNG.main(RemoteTestNG.java:77)
]]>
            </full-stacktrace>
          </exception> <!-- org.openqa.selenium.NoSuchElementException -->
          <reporter-output>
            <line>
              <![CDATA[Navigated to mobile cataegory succesfully]]>
            </line>
            <line>
              <![CDATA[Selected brand]]>
            </line>
            <line>
              <![CDATA[Min 20k]]>
            </line>
            <line>
              <![CDATA[Min 60k]]>
            </line>
            <line>
              <![CDATA[Click Go]]>
            </line>
            <line>
              <![CDATA[Sorted]]>
            </line>
          </reporter-output>
        </test-method> <!-- mobileSearch -->
        <test-method retried="true" signature="mobileSearch()[pri:0, instance:AmazonModules.gridtest@581ac8a8]" started-at="2022-06-29T14:47:12 IST" name="mobileSearch" finished-at="2022-06-29T14:47:17 IST" duration-ms="4557" status="SKIP">
          <exception class="org.openqa.selenium.NoSuchElementException">
            <message>
              <![CDATA[Unable to locate element: //a[contains(text(),'Price: High to Low')]
For documentation on this error, please visit: https://selenium.dev/exceptions/#no_such_element
Build info: version: '4.1.3', revision: '7b1ebf28ef'
System info: host: 'LT322', ip: '192.168.29.55', os.name: 'Windows 10', os.arch: 'amd64', os.version: '10.0', java.version: '18.0.1'
Driver info: org.openqa.selenium.remote.RemoteWebDriver
Command: [518153fe-3aef-4507-bb10-e093e052008b, findElement {using=xpath, value=//a[contains(text(),'Price: High to Low')]}]
Capabilities {acceptInsecureCerts: true, browserName: firefox, browserVersion: 101.0.1, javascriptEnabled: true, moz:accessibilityChecks: false, moz:buildID: 20220608170832, moz:debuggerAddress: localhost:53408, moz:firefoxOptions: {prefs: {network.proxy.type: 0}}, moz:geckodriverVersion: 0.31.0, moz:headless: false, moz:processID: 2852, moz:profile: C:\Users\NANDIN~1.WAG\AppDa..., moz:shutdownTimeout: 60000, moz:useNonSpecCompliantPointerOrigin: false, moz:webdriverClick: true, pageLoadStrategy: normal, platform: WINDOWS, platformName: WINDOWS, platformVersion: 10.0, proxy: Proxy(), se:cdp: ws://192.168.29.55:4444/ses..., se:cdpVersion: 85.0, se:name: My Grid Firefox test, setWindowRect: true, strictFileInteractability: false, timeouts: {implicit: 0, pageLoad: 300000, script: 30000}, unhandledPromptBehavior: dismiss and notify}
Session ID: 518153fe-3aef-4507-bb10-e093e052008b]]>
            </message>
            <full-stacktrace>
              <![CDATA[org.openqa.selenium.NoSuchElementException: Unable to locate element: //a[contains(text(),'Price: High to Low')]
For documentation on this error, please visit: https://selenium.dev/exceptions/#no_such_element
Build info: version: '4.1.3', revision: '7b1ebf28ef'
System info: host: 'LT322', ip: '192.168.29.55', os.name: 'Windows 10', os.arch: 'amd64', os.version: '10.0', java.version: '18.0.1'
Driver info: org.openqa.selenium.remote.RemoteWebDriver
Command: [518153fe-3aef-4507-bb10-e093e052008b, findElement {using=xpath, value=//a[contains(text(),'Price: High to Low')]}]
Capabilities {acceptInsecureCerts: true, browserName: firefox, browserVersion: 101.0.1, javascriptEnabled: true, moz:accessibilityChecks: false, moz:buildID: 20220608170832, moz:debuggerAddress: localhost:53408, moz:firefoxOptions: {prefs: {network.proxy.type: 0}}, moz:geckodriverVersion: 0.31.0, moz:headless: false, moz:processID: 2852, moz:profile: C:\Users\NANDIN~1.WAG\AppDa..., moz:shutdownTimeout: 60000, moz:useNonSpecCompliantPointerOrigin: false, moz:webdriverClick: true, pageLoadStrategy: normal, platform: WINDOWS, platformName: WINDOWS, platformVersion: 10.0, proxy: Proxy(), se:cdp: ws://192.168.29.55:4444/ses..., se:cdpVersion: 85.0, se:name: My Grid Firefox test, setWindowRect: true, strictFileInteractability: false, timeouts: {implicit: 0, pageLoad: 300000, script: 30000}, unhandledPromptBehavior: dismiss and notify}
Session ID: 518153fe-3aef-4507-bb10-e093e052008b
at java.base/jdk.internal.reflect.DirectConstructorHandleAccessor.newInstance(DirectConstructorHandleAccessor.java:67)
at java.base/java.lang.reflect.Constructor.newInstanceWithCaller(Constructor.java:499)
at java.base/java.lang.reflect.Constructor.newInstance(Constructor.java:483)
at org.openqa.selenium.remote.codec.w3c.W3CHttpResponseCodec.createException(W3CHttpResponseCodec.java:200)
at org.openqa.selenium.remote.codec.w3c.W3CHttpResponseCodec.decode(W3CHttpResponseCodec.java:133)
at org.openqa.selenium.remote.codec.w3c.W3CHttpResponseCodec.decode(W3CHttpResponseCodec.java:53)
at org.openqa.selenium.remote.HttpCommandExecutor.execute(HttpCommandExecutor.java:184)
at org.openqa.selenium.remote.TracedCommandExecutor.execute(TracedCommandExecutor.java:51)
at org.openqa.selenium.remote.RemoteWebDriver.execute(RemoteWebDriver.java:567)
at org.openqa.selenium.remote.ElementLocation$ElementFinder$2.findElement(ElementLocation.java:162)
at org.openqa.selenium.remote.ElementLocation.findElement(ElementLocation.java:60)
at org.openqa.selenium.remote.RemoteWebDriver.findElement(RemoteWebDriver.java:385)
at org.openqa.selenium.remote.RemoteWebDriver.findElement(RemoteWebDriver.java:377)
at AmazonModules.gridtest.mobileSearch(gridtest.java:125)
at java.base/jdk.internal.reflect.DirectMethodHandleAccessor.invoke(DirectMethodHandleAccessor.java:104)
at java.base/java.lang.reflect.Method.invoke(Method.java:577)
at org.testng.internal.MethodInvocationHelper.invokeMethod(MethodInvocationHelper.java:133)
at org.testng.internal.TestInvoker.invokeMethod(TestInvoker.java:598)
at org.testng.internal.TestInvoker.retryFailed(TestInvoker.java:213)
at org.testng.internal.MethodRunner.runInSequence(MethodRunner.java:58)
at org.testng.internal.TestInvoker$MethodInvocationAgent.invoke(TestInvoker.java:824)
at org.testng.internal.TestInvoker.invokeTestMethods(TestInvoker.java:146)
at org.testng.internal.TestMethodWorker.invokeTestMethods(TestMethodWorker.java:146)
at org.testng.internal.TestMethodWorker.run(TestMethodWorker.java:128)
at java.base/java.util.ArrayList.forEach(ArrayList.java:1511)
at org.testng.TestRunner.privateRun(TestRunner.java:794)
at org.testng.TestRunner.run(TestRunner.java:596)
at org.testng.SuiteRunner.runTest(SuiteRunner.java:377)
at org.testng.SuiteRunner.runSequentially(SuiteRunner.java:371)
at org.testng.SuiteRunner.privateRun(SuiteRunner.java:332)
at org.testng.SuiteRunner.run(SuiteRunner.java:276)
at org.testng.SuiteRunnerWorker.runSuite(SuiteRunnerWorker.java:53)
at org.testng.SuiteRunnerWorker.run(SuiteRunnerWorker.java:96)
at org.testng.TestNG.runSuitesSequentially(TestNG.java:1212)
at org.testng.TestNG.runSuitesLocally(TestNG.java:1134)
at org.testng.TestNG.runSuites(TestNG.java:1063)
at org.testng.TestNG.run(TestNG.java:1031)
at org.testng.remote.AbstractRemoteTestNG.run(AbstractRemoteTestNG.java:115)
at org.testng.remote.RemoteTestNG.initAndRun(RemoteTestNG.java:251)
at org.testng.remote.RemoteTestNG.main(RemoteTestNG.java:77)
]]>
            </full-stacktrace>
          </exception> <!-- org.openqa.selenium.NoSuchElementException -->
          <reporter-output>
            <line>
              <![CDATA[Navigated to mobile cataegory succesfully]]>
            </line>
            <line>
              <![CDATA[Selected brand]]>
            </line>
            <line>
              <![CDATA[Min 20k]]>
            </line>
            <line>
              <![CDATA[Min 60k]]>
            </line>
            <line>
              <![CDATA[Click Go]]>
            </line>
            <line>
              <![CDATA[Sorted]]>
            </line>
          </reporter-output>
        </test-method> <!-- mobileSearch -->
        <test-method retried="true" signature="mobileSearch()[pri:0, instance:AmazonModules.gridtest@581ac8a8]" started-at="2022-06-29T14:47:17 IST" name="mobileSearch" finished-at="2022-06-29T14:47:21 IST" duration-ms="4161" status="SKIP">
          <exception class="org.openqa.selenium.NoSuchElementException">
            <message>
              <![CDATA[Unable to locate element: //a[contains(text(),'Price: High to Low')]
For documentation on this error, please visit: https://selenium.dev/exceptions/#no_such_element
Build info: version: '4.1.3', revision: '7b1ebf28ef'
System info: host: 'LT322', ip: '192.168.29.55', os.name: 'Windows 10', os.arch: 'amd64', os.version: '10.0', java.version: '18.0.1'
Driver info: org.openqa.selenium.remote.RemoteWebDriver
Command: [518153fe-3aef-4507-bb10-e093e052008b, findElement {using=xpath, value=//a[contains(text(),'Price: High to Low')]}]
Capabilities {acceptInsecureCerts: true, browserName: firefox, browserVersion: 101.0.1, javascriptEnabled: true, moz:accessibilityChecks: false, moz:buildID: 20220608170832, moz:debuggerAddress: localhost:53408, moz:firefoxOptions: {prefs: {network.proxy.type: 0}}, moz:geckodriverVersion: 0.31.0, moz:headless: false, moz:processID: 2852, moz:profile: C:\Users\NANDIN~1.WAG\AppDa..., moz:shutdownTimeout: 60000, moz:useNonSpecCompliantPointerOrigin: false, moz:webdriverClick: true, pageLoadStrategy: normal, platform: WINDOWS, platformName: WINDOWS, platformVersion: 10.0, proxy: Proxy(), se:cdp: ws://192.168.29.55:4444/ses..., se:cdpVersion: 85.0, se:name: My Grid Firefox test, setWindowRect: true, strictFileInteractability: false, timeouts: {implicit: 0, pageLoad: 300000, script: 30000}, unhandledPromptBehavior: dismiss and notify}
Session ID: 518153fe-3aef-4507-bb10-e093e052008b]]>
            </message>
            <full-stacktrace>
              <![CDATA[org.openqa.selenium.NoSuchElementException: Unable to locate element: //a[contains(text(),'Price: High to Low')]
For documentation on this error, please visit: https://selenium.dev/exceptions/#no_such_element
Build info: version: '4.1.3', revision: '7b1ebf28ef'
System info: host: 'LT322', ip: '192.168.29.55', os.name: 'Windows 10', os.arch: 'amd64', os.version: '10.0', java.version: '18.0.1'
Driver info: org.openqa.selenium.remote.RemoteWebDriver
Command: [518153fe-3aef-4507-bb10-e093e052008b, findElement {using=xpath, value=//a[contains(text(),'Price: High to Low')]}]
Capabilities {acceptInsecureCerts: true, browserName: firefox, browserVersion: 101.0.1, javascriptEnabled: true, moz:accessibilityChecks: false, moz:buildID: 20220608170832, moz:debuggerAddress: localhost:53408, moz:firefoxOptions: {prefs: {network.proxy.type: 0}}, moz:geckodriverVersion: 0.31.0, moz:headless: false, moz:processID: 2852, moz:profile: C:\Users\NANDIN~1.WAG\AppDa..., moz:shutdownTimeout: 60000, moz:useNonSpecCompliantPointerOrigin: false, moz:webdriverClick: true, pageLoadStrategy: normal, platform: WINDOWS, platformName: WINDOWS, platformVersion: 10.0, proxy: Proxy(), se:cdp: ws://192.168.29.55:4444/ses..., se:cdpVersion: 85.0, se:name: My Grid Firefox test, setWindowRect: true, strictFileInteractability: false, timeouts: {implicit: 0, pageLoad: 300000, script: 30000}, unhandledPromptBehavior: dismiss and notify}
Session ID: 518153fe-3aef-4507-bb10-e093e052008b
at java.base/jdk.internal.reflect.DirectConstructorHandleAccessor.newInstance(DirectConstructorHandleAccessor.java:67)
at java.base/java.lang.reflect.Constructor.newInstanceWithCaller(Constructor.java:499)
at java.base/java.lang.reflect.Constructor.newInstance(Constructor.java:483)
at org.openqa.selenium.remote.codec.w3c.W3CHttpResponseCodec.createException(W3CHttpResponseCodec.java:200)
at org.openqa.selenium.remote.codec.w3c.W3CHttpResponseCodec.decode(W3CHttpResponseCodec.java:133)
at org.openqa.selenium.remote.codec.w3c.W3CHttpResponseCodec.decode(W3CHttpResponseCodec.java:53)
at org.openqa.selenium.remote.HttpCommandExecutor.execute(HttpCommandExecutor.java:184)
at org.openqa.selenium.remote.TracedCommandExecutor.execute(TracedCommandExecutor.java:51)
at org.openqa.selenium.remote.RemoteWebDriver.execute(RemoteWebDriver.java:567)
at org.openqa.selenium.remote.ElementLocation$ElementFinder$2.findElement(ElementLocation.java:162)
at org.openqa.selenium.remote.ElementLocation.findElement(ElementLocation.java:60)
at org.openqa.selenium.remote.RemoteWebDriver.findElement(RemoteWebDriver.java:385)
at org.openqa.selenium.remote.RemoteWebDriver.findElement(RemoteWebDriver.java:377)
at AmazonModules.gridtest.mobileSearch(gridtest.java:125)
at java.base/jdk.internal.reflect.DirectMethodHandleAccessor.invoke(DirectMethodHandleAccessor.java:104)
at java.base/java.lang.reflect.Method.invoke(Method.java:577)
at org.testng.internal.MethodInvocationHelper.invokeMethod(MethodInvocationHelper.java:133)
at org.testng.internal.TestInvoker.invokeMethod(TestInvoker.java:598)
at org.testng.internal.TestInvoker.retryFailed(TestInvoker.java:213)
at org.testng.internal.MethodRunner.runInSequence(MethodRunner.java:58)
at org.testng.internal.TestInvoker$MethodInvocationAgent.invoke(TestInvoker.java:824)
at org.testng.internal.TestInvoker.invokeTestMethods(TestInvoker.java:146)
at org.testng.internal.TestMethodWorker.invokeTestMethods(TestMethodWorker.java:146)
at org.testng.internal.TestMethodWorker.run(TestMethodWorker.java:128)
at java.base/java.util.ArrayList.forEach(ArrayList.java:1511)
at org.testng.TestRunner.privateRun(TestRunner.java:794)
at org.testng.TestRunner.run(TestRunner.java:596)
at org.testng.SuiteRunner.runTest(SuiteRunner.java:377)
at org.testng.SuiteRunner.runSequentially(SuiteRunner.java:371)
at org.testng.SuiteRunner.privateRun(SuiteRunner.java:332)
at org.testng.SuiteRunner.run(SuiteRunner.java:276)
at org.testng.SuiteRunnerWorker.runSuite(SuiteRunnerWorker.java:53)
at org.testng.SuiteRunnerWorker.run(SuiteRunnerWorker.java:96)
at org.testng.TestNG.runSuitesSequentially(TestNG.java:1212)
at org.testng.TestNG.runSuitesLocally(TestNG.java:1134)
at org.testng.TestNG.runSuites(TestNG.java:1063)
at org.testng.TestNG.run(TestNG.java:1031)
at org.testng.remote.AbstractRemoteTestNG.run(AbstractRemoteTestNG.java:115)
at org.testng.remote.RemoteTestNG.initAndRun(RemoteTestNG.java:251)
at org.testng.remote.RemoteTestNG.main(RemoteTestNG.java:77)
]]>
            </full-stacktrace>
          </exception> <!-- org.openqa.selenium.NoSuchElementException -->
          <reporter-output>
            <line>
              <![CDATA[Navigated to mobile cataegory succesfully]]>
            </line>
            <line>
              <![CDATA[Selected brand]]>
            </line>
            <line>
              <![CDATA[Min 20k]]>
            </line>
            <line>
              <![CDATA[Min 60k]]>
            </line>
            <line>
              <![CDATA[Click Go]]>
            </line>
            <line>
              <![CDATA[Sorted]]>
            </line>
          </reporter-output>
        </test-method> <!-- mobileSearch -->
        <test-method signature="mobileSearch()[pri:0, instance:AmazonModules.gridtest@581ac8a8]" started-at="2022-06-29T14:47:21 IST" name="mobileSearch" finished-at="2022-06-29T14:47:25 IST" duration-ms="4142" status="FAIL">
          <exception class="org.openqa.selenium.NoSuchElementException">
            <message>
              <![CDATA[Unable to locate element: //a[contains(text(),'Price: High to Low')]
For documentation on this error, please visit: https://selenium.dev/exceptions/#no_such_element
Build info: version: '4.1.3', revision: '7b1ebf28ef'
System info: host: 'LT322', ip: '192.168.29.55', os.name: 'Windows 10', os.arch: 'amd64', os.version: '10.0', java.version: '18.0.1'
Driver info: org.openqa.selenium.remote.RemoteWebDriver
Command: [518153fe-3aef-4507-bb10-e093e052008b, findElement {using=xpath, value=//a[contains(text(),'Price: High to Low')]}]
Capabilities {acceptInsecureCerts: true, browserName: firefox, browserVersion: 101.0.1, javascriptEnabled: true, moz:accessibilityChecks: false, moz:buildID: 20220608170832, moz:debuggerAddress: localhost:53408, moz:firefoxOptions: {prefs: {network.proxy.type: 0}}, moz:geckodriverVersion: 0.31.0, moz:headless: false, moz:processID: 2852, moz:profile: C:\Users\NANDIN~1.WAG\AppDa..., moz:shutdownTimeout: 60000, moz:useNonSpecCompliantPointerOrigin: false, moz:webdriverClick: true, pageLoadStrategy: normal, platform: WINDOWS, platformName: WINDOWS, platformVersion: 10.0, proxy: Proxy(), se:cdp: ws://192.168.29.55:4444/ses..., se:cdpVersion: 85.0, se:name: My Grid Firefox test, setWindowRect: true, strictFileInteractability: false, timeouts: {implicit: 0, pageLoad: 300000, script: 30000}, unhandledPromptBehavior: dismiss and notify}
Session ID: 518153fe-3aef-4507-bb10-e093e052008b]]>
            </message>
            <full-stacktrace>
              <![CDATA[org.openqa.selenium.NoSuchElementException: Unable to locate element: //a[contains(text(),'Price: High to Low')]
For documentation on this error, please visit: https://selenium.dev/exceptions/#no_such_element
Build info: version: '4.1.3', revision: '7b1ebf28ef'
System info: host: 'LT322', ip: '192.168.29.55', os.name: 'Windows 10', os.arch: 'amd64', os.version: '10.0', java.version: '18.0.1'
Driver info: org.openqa.selenium.remote.RemoteWebDriver
Command: [518153fe-3aef-4507-bb10-e093e052008b, findElement {using=xpath, value=//a[contains(text(),'Price: High to Low')]}]
Capabilities {acceptInsecureCerts: true, browserName: firefox, browserVersion: 101.0.1, javascriptEnabled: true, moz:accessibilityChecks: false, moz:buildID: 20220608170832, moz:debuggerAddress: localhost:53408, moz:firefoxOptions: {prefs: {network.proxy.type: 0}}, moz:geckodriverVersion: 0.31.0, moz:headless: false, moz:processID: 2852, moz:profile: C:\Users\NANDIN~1.WAG\AppDa..., moz:shutdownTimeout: 60000, moz:useNonSpecCompliantPointerOrigin: false, moz:webdriverClick: true, pageLoadStrategy: normal, platform: WINDOWS, platformName: WINDOWS, platformVersion: 10.0, proxy: Proxy(), se:cdp: ws://192.168.29.55:4444/ses..., se:cdpVersion: 85.0, se:name: My Grid Firefox test, setWindowRect: true, strictFileInteractability: false, timeouts: {implicit: 0, pageLoad: 300000, script: 30000}, unhandledPromptBehavior: dismiss and notify}
Session ID: 518153fe-3aef-4507-bb10-e093e052008b
at java.base/jdk.internal.reflect.DirectConstructorHandleAccessor.newInstance(DirectConstructorHandleAccessor.java:67)
at java.base/java.lang.reflect.Constructor.newInstanceWithCaller(Constructor.java:499)
at java.base/java.lang.reflect.Constructor.newInstance(Constructor.java:483)
at org.openqa.selenium.remote.codec.w3c.W3CHttpResponseCodec.createException(W3CHttpResponseCodec.java:200)
at org.openqa.selenium.remote.codec.w3c.W3CHttpResponseCodec.decode(W3CHttpResponseCodec.java:133)
at org.openqa.selenium.remote.codec.w3c.W3CHttpResponseCodec.decode(W3CHttpResponseCodec.java:53)
at org.openqa.selenium.remote.HttpCommandExecutor.execute(HttpCommandExecutor.java:184)
at org.openqa.selenium.remote.TracedCommandExecutor.execute(TracedCommandExecutor.java:51)
at org.openqa.selenium.remote.RemoteWebDriver.execute(RemoteWebDriver.java:567)
at org.openqa.selenium.remote.ElementLocation$ElementFinder$2.findElement(ElementLocation.java:162)
at org.openqa.selenium.remote.ElementLocation.findElement(ElementLocation.java:60)
at org.openqa.selenium.remote.RemoteWebDriver.findElement(RemoteWebDriver.java:385)
at org.openqa.selenium.remote.RemoteWebDriver.findElement(RemoteWebDriver.java:377)
at AmazonModules.gridtest.mobileSearch(gridtest.java:125)
at java.base/jdk.internal.reflect.DirectMethodHandleAccessor.invoke(DirectMethodHandleAccessor.java:104)
at java.base/java.lang.reflect.Method.invoke(Method.java:577)
at org.testng.internal.MethodInvocationHelper.invokeMethod(MethodInvocationHelper.java:133)
at org.testng.internal.TestInvoker.invokeMethod(TestInvoker.java:598)
at org.testng.internal.TestInvoker.retryFailed(TestInvoker.java:213)
at org.testng.internal.MethodRunner.runInSequence(MethodRunner.java:58)
at org.testng.internal.TestInvoker$MethodInvocationAgent.invoke(TestInvoker.java:824)
at org.testng.internal.TestInvoker.invokeTestMethods(TestInvoker.java:146)
at org.testng.internal.TestMethodWorker.invokeTestMethods(TestMethodWorker.java:146)
at org.testng.internal.TestMethodWorker.run(TestMethodWorker.java:128)
at java.base/java.util.ArrayList.forEach(ArrayList.java:1511)
at org.testng.TestRunner.privateRun(TestRunner.java:794)
at org.testng.TestRunner.run(TestRunner.java:596)
at org.testng.SuiteRunner.runTest(SuiteRunner.java:377)
at org.testng.SuiteRunner.runSequentially(SuiteRunner.java:371)
at org.testng.SuiteRunner.privateRun(SuiteRunner.java:332)
at org.testng.SuiteRunner.run(SuiteRunner.java:276)
at org.testng.SuiteRunnerWorker.runSuite(SuiteRunnerWorker.java:53)
at org.testng.SuiteRunnerWorker.run(SuiteRunnerWorker.java:96)
at org.testng.TestNG.runSuitesSequentially(TestNG.java:1212)
at org.testng.TestNG.runSuitesLocally(TestNG.java:1134)
at org.testng.TestNG.runSuites(TestNG.java:1063)
at org.testng.TestNG.run(TestNG.java:1031)
at org.testng.remote.AbstractRemoteTestNG.run(AbstractRemoteTestNG.java:115)
at org.testng.remote.RemoteTestNG.initAndRun(RemoteTestNG.java:251)
at org.testng.remote.RemoteTestNG.main(RemoteTestNG.java:77)
]]>
            </full-stacktrace>
          </exception> <!-- org.openqa.selenium.NoSuchElementException -->
          <reporter-output>
            <line>
              <![CDATA[Navigated to mobile cataegory succesfully]]>
            </line>
            <line>
              <![CDATA[Selected brand]]>
            </line>
            <line>
              <![CDATA[Min 20k]]>
            </line>
            <line>
              <![CDATA[Min 60k]]>
            </line>
            <line>
              <![CDATA[Click Go]]>
            </line>
            <line>
              <![CDATA[Sorted]]>
            </line>
          </reporter-output>
        </test-method> <!-- mobileSearch -->
      </class> <!-- AmazonModules.gridtest -->
    </test> <!-- FF -->
    <test started-at="2022-06-29T14:47:25 IST" name="Chrome" finished-at="2022-06-29T14:47:49 IST" duration-ms="23846">
      <class name="AmazonModules.gridtest">
        <test-method signature="crossBrowser(java.lang.String)[pri:0, instance:AmazonModules.gridtest@729d991e]" started-at="2022-06-29T14:47:25 IST" name="crossBrowser" finished-at="2022-06-29T14:47:31 IST" duration-ms="6306" status="PASS">
          <params>
            <param index="0">
              <value>
                <![CDATA[chrome]]>
              </value>
            </param>
          </params>
          <reporter-output>
          </reporter-output>
        </test-method> <!-- crossBrowser -->
        <test-method signature="mobileSearch()[pri:0, instance:AmazonModules.gridtest@729d991e]" started-at="2022-06-29T14:47:31 IST" name="mobileSearch" finished-at="2022-06-29T14:47:49 IST" duration-ms="17535" status="PASS">
          <reporter-output>
            <line>
              <![CDATA[Navigated to mobile cataegory succesfully]]>
            </line>
            <line>
              <![CDATA[Selected brand]]>
            </line>
            <line>
              <![CDATA[Min 20k]]>
            </line>
            <line>
              <![CDATA[Min 60k]]>
            </line>
            <line>
              <![CDATA[Click Go]]>
            </line>
            <line>
              <![CDATA[Sorted]]>
            </line>
            <line>
              <![CDATA[Sorted:Price High to low]]>
            </line>
          </reporter-output>
        </test-method> <!-- mobileSearch -->
      </class> <!-- AmazonModules.gridtest -->
    </test> <!-- Chrome -->
    <test started-at="2022-06-29T14:47:49 IST" name="IE" finished-at="2022-06-29T14:48:10 IST" duration-ms="20940">
      <class name="AmazonModules.gridtest">
        <test-method signature="crossBrowser(java.lang.String)[pri:0, instance:AmazonModules.gridtest@4dbb42b7]" started-at="2022-06-29T14:47:49 IST" name="crossBrowser" finished-at="2022-06-29T14:47:56 IST" duration-ms="7136" status="PASS">
          <params>
            <param index="0">
              <value>
                <![CDATA[IE]]>
              </value>
            </param>
          </params>
          <reporter-output>
          </reporter-output>
        </test-method> <!-- crossBrowser -->
        <test-method signature="mobileSearch()[pri:0, instance:AmazonModules.gridtest@4dbb42b7]" started-at="2022-06-29T14:47:56 IST" name="mobileSearch" finished-at="2022-06-29T14:48:10 IST" duration-ms="13798" status="PASS">
          <reporter-output>
            <line>
              <![CDATA[Navigated to mobile cataegory succesfully]]>
            </line>
            <line>
              <![CDATA[Selected brand]]>
            </line>
            <line>
              <![CDATA[Min 20k]]>
            </line>
            <line>
              <![CDATA[Min 60k]]>
            </line>
            <line>
              <![CDATA[Click Go]]>
            </line>
            <line>
              <![CDATA[Sorted]]>
            </line>
            <line>
              <![CDATA[Sorted:Price High to low]]>
            </line>
          </reporter-output>
        </test-method> <!-- mobileSearch -->
      </class> <!-- AmazonModules.gridtest -->
    </test> <!-- IE -->
  </suite> <!-- Suite3 -->
</testng-results>
